<?xml version="1.0" encoding="UTF-8"?>
<!-- Generated by org.testng.reporters.JUnitReportReporter -->
<testsuite skipped="0" hostname="BSLGDC-L2045" name="nbcu.compass.amorttemplate.test.AmortSikuliTest" tests="1" failures="0" timestamp="22 Mar 2018 08:15:24 GMT" time="5.262" errors="0">
  <testcase name="testAmortTemplate" time="5.262" classname="nbcu.compass.amorttemplate.test.AmortSikuliTest"/>
</testsuite> <!-- nbcu.compass.amorttemplate.test.AmortSikuliTest -->
