<?xml version="1.0" encoding="UTF-8"?>
<!-- Generated by org.testng.reporters.JUnitReportReporter -->
<testsuite skipped="1" hostname="5TS501959619DX" name="nbcu.compass.amorttemplate.test.AmortWADTest" tests="1" failures="0" timestamp="16 Apr 2018 11:18:37 GMT" time="0.000" errors="0">
  <testcase name="testAmortTemplate" time="0.000" classname="nbcu.compass.amorttemplate.test.AmortWADTest">
    <skipped/>
  </testcase> <!-- testAmortTemplate -->
</testsuite> <!-- nbcu.compass.amorttemplate.test.AmortWADTest -->
