<?xml version="1.0" encoding="UTF-8"?>
<!-- Generated by org.testng.reporters.JUnitReportReporter -->
<testsuite skipped="0" hostname="BSLGDC-L2045" name="nbcu.compass.amorttemplate.test.AmortTest" tests="4" failures="0" timestamp="06 Feb 2018 05:58:33 GMT" time="7.464" errors="0">
  <testcase name="testAmortTemplateUS" time="1.878" classname="nbcu.compass.amorttemplate.test.AmortTest"/>
  <testcase name="testAmortTemplateUS" time="1.862" classname="nbcu.compass.amorttemplate.test.AmortTest"/>
  <testcase name="testAmortTemplateUS" time="1.862" classname="nbcu.compass.amorttemplate.test.AmortTest"/>
  <testcase name="testAmortTemplateUS" time="1.862" classname="nbcu.compass.amorttemplate.test.AmortTest"/>
</testsuite> <!-- nbcu.compass.amorttemplate.test.AmortTest -->
