<?xml version="1.0" encoding="UTF-8"?>
<!-- Generated by org.testng.reporters.JUnitReportReporter -->
<testsuite skipped="0" hostname="BSLGDC-L2045" name="nbcu.compass.amorttemplate.util.SikuliMain" tests="1" failures="0" timestamp="07 Mar 2018 09:20:53 GMT" time="63.433" errors="0">
  <testcase name="testM" time="63.433" classname="nbcu.compass.amorttemplate.util.SikuliMain"/>
</testsuite> <!-- nbcu.compass.amorttemplate.util.SikuliMain -->
