<?xml version="1.0" encoding="UTF-8"?>
<!-- Generated by org.testng.reporters.JUnitReportReporter -->
<testsuite skipped="0" hostname="BSLGDC-L2045" name="nbcu.compass.amorttemplate.test.AmortSikuliTest" tests="1" failures="0" timestamp="02 Apr 2018 09:08:05 GMT" time="161.388" errors="0">
  <testcase name="testAmortTemplate" time="161.388" classname="nbcu.compass.amorttemplate.test.AmortSikuliTest"/>
</testsuite> <!-- nbcu.compass.amorttemplate.test.AmortSikuliTest -->
