<?xml version="1.0" encoding="UTF-8"?>
<!-- Generated by org.testng.reporters.JUnitReportReporter -->
<testsuite skipped="0" hostname="5TS502007480D10" name="nbcu.compass.amorttemplate.util.SikuliMain" tests="1" failures="0" timestamp="07 Apr 2018 10:52:43 GMT" time="17.118" errors="0">
  <testcase name="testM" time="17.118" classname="nbcu.compass.amorttemplate.util.SikuliMain"/>
</testsuite> <!-- nbcu.compass.amorttemplate.util.SikuliMain -->
