<?xml version="1.0" encoding="UTF-8"?>
<!-- Generated by org.testng.reporters.JUnitReportReporter -->
<testsuite skipped="0" hostname="5TS501959619DX" name="nbcu.compass.amorttemplate.test.SampleTest" tests="3" failures="0" timestamp="19 Apr 2018 06:15:40 GMT" time="0.513" errors="0">
  <testcase name="testAmortTemplate2" time="0.309" classname="nbcu.compass.amorttemplate.test.SampleTest"/>
  <testcase name="testAmortTemplate2" time="0.110" classname="nbcu.compass.amorttemplate.test.SampleTest"/>
  <testcase name="testAmortTemplate2" time="0.094" classname="nbcu.compass.amorttemplate.test.SampleTest"/>
</testsuite> <!-- nbcu.compass.amorttemplate.test.SampleTest -->
