<?xml version="1.0" encoding="UTF-8"?>
<!-- Generated by org.testng.reporters.JUnitReportReporter -->
<testsuite skipped="0" hostname="BSLGDC-L2045" name="nbcu.compass.amorttemplate.test.AmortTest" tests="1" failures="0" timestamp="31 Jan 2018 09:09:26 GMT" time="45.424" errors="0">
  <testcase name="testAmort" time="45.424" classname="nbcu.compass.amorttemplate.test.AmortTest"/>
</testsuite> <!-- nbcu.compass.amorttemplate.test.AmortTest -->
