<?xml version="1.0" encoding="UTF-8"?>
<!-- Generated by org.testng.reporters.JUnitReportReporter -->
<testsuite skipped="0" hostname="BSLGDC-L2045" name="nbcu.compass.amorttemplate.test.AmortTest" tests="10" failures="0" timestamp="12 Mar 2018 07:04:06 GMT" time="4.213" errors="0">
  <testcase name="testAmortTemplate" time="0.376" classname="nbcu.compass.amorttemplate.test.AmortTest"/>
  <testcase name="testAmortTemplate" time="0.413" classname="nbcu.compass.amorttemplate.test.AmortTest"/>
  <testcase name="testAmortTemplate" time="0.344" classname="nbcu.compass.amorttemplate.test.AmortTest"/>
  <testcase name="testAmortTemplate" time="0.357" classname="nbcu.compass.amorttemplate.test.AmortTest"/>
  <testcase name="testAmortTemplate" time="0.310" classname="nbcu.compass.amorttemplate.test.AmortTest"/>
  <testcase name="testAmortTemplate" time="0.331" classname="nbcu.compass.amorttemplate.test.AmortTest"/>
  <testcase name="testAmortTemplate" time="0.340" classname="nbcu.compass.amorttemplate.test.AmortTest"/>
  <testcase name="testAmortTemplate" time="0.348" classname="nbcu.compass.amorttemplate.test.AmortTest"/>
  <testcase name="testAmortTemplate" time="1.075" classname="nbcu.compass.amorttemplate.test.AmortTest"/>
  <testcase name="testAmortTemplate" time="0.319" classname="nbcu.compass.amorttemplate.test.AmortTest"/>
</testsuite> <!-- nbcu.compass.amorttemplate.test.AmortTest -->
