<?xml version="1.0" encoding="UTF-8"?>
<!-- Generated by org.testng.reporters.JUnitReportReporter -->
<testsuite skipped="2" hostname="5TS501959619DX" name="nbcu.compass.amorttemplate.test.AmortWADTest" tests="2" failures="0" timestamp="14 Apr 2018 13:17:26 GMT" time="0.000" errors="0">
  <testcase name="testAmortTemplate" time="0.000" classname="nbcu.compass.amorttemplate.test.AmortWADTest">
    <skipped/>
  </testcase> <!-- testAmortTemplate -->
  <testcase name="testAmortTemplate2" time="0.000" classname="nbcu.compass.amorttemplate.test.AmortWADTest">
    <skipped/>
  </testcase> <!-- testAmortTemplate2 -->
</testsuite> <!-- nbcu.compass.amorttemplate.test.AmortWADTest -->
