<?xml version="1.0" encoding="UTF-8"?>
<!-- Generated by org.testng.reporters.JUnitReportReporter -->
<testsuite skipped="0" hostname="BSLGDC-L2045" name="nbcu.compass.amorttemplate.test.AmortTest" tests="7" failures="0" timestamp="19 Feb 2018 16:24:19 GMT" time="2.633" errors="0">
  <testcase name="testAmortTemplate" time="0.310" classname="nbcu.compass.amorttemplate.test.AmortTest"/>
  <testcase name="testAmortTemplate" time="0.351" classname="nbcu.compass.amorttemplate.test.AmortTest"/>
  <testcase name="testAmortTemplate" time="0.561" classname="nbcu.compass.amorttemplate.test.AmortTest"/>
  <testcase name="testAmortTemplate" time="0.340" classname="nbcu.compass.amorttemplate.test.AmortTest"/>
  <testcase name="testAmortTemplate" time="0.320" classname="nbcu.compass.amorttemplate.test.AmortTest"/>
  <testcase name="testAmortTemplate" time="0.420" classname="nbcu.compass.amorttemplate.test.AmortTest"/>
  <testcase name="testAmortTemplate" time="0.331" classname="nbcu.compass.amorttemplate.test.AmortTest"/>
</testsuite> <!-- nbcu.compass.amorttemplate.test.AmortTest -->
