<?xml version="1.0" encoding="UTF-8"?>
<!-- Generated by org.testng.reporters.JUnitReportReporter -->
<testsuite skipped="0" hostname="5TS501959619DX" name="nbcu.compass.amorttemplate.test.SampleTest" tests="1" failures="0" timestamp="23 Apr 2018 09:58:36 GMT" time="0.206" errors="0">
  <testcase name="testAmortTemplate2" time="0.206" classname="nbcu.compass.amorttemplate.test.SampleTest"/>
</testsuite> <!-- nbcu.compass.amorttemplate.test.SampleTest -->
