<?xml version="1.0" encoding="UTF-8"?>
<!-- Generated by org.testng.reporters.JUnitReportReporter -->
<testsuite skipped="0" hostname="5TS501959619DX" name="nbcu.compass.amorttemplate.test.AmortWADTest" tests="1" failures="0" timestamp="11 Apr 2018 11:00:57 GMT" time="46.140" errors="0">
  <testcase name="testAmortTemplate" time="46.140" classname="nbcu.compass.amorttemplate.test.AmortWADTest"/>
</testsuite> <!-- nbcu.compass.amorttemplate.test.AmortWADTest -->
